# JRE version: OpenJDK Runtime Environment (9.0) (build 9-internal+0-2016-04-14-195246.buildd.src)
# Java VM: OpenJDK 64-Bit Server VM (9-internal+0-2016-04-14-195246.buildd.src, mixed mode, tiered, compressed oops, g1 gc, linux-amd64)
Heap:
 garbage-first heap   total 227328K, used 126275K [0x00000000e0000000, 0x00000000e01006f0, 0x0000000100000000)
  region size 1024K, 122 young (124928K), 1 survivors (1024K)
 Metaspace       used 11783K, capacity 12166K, committed 12288K, reserved 1060864K
  class space    used 1350K, capacity 1504K, committed 1536K, reserved 1048576K
GC Heap History (10 events):
Event: 5,482 GC heap before
{Heap before GC invocations=47 (full 0):
 garbage-first heap   total 227328K, used 138380K [0x00000000e0000000, 0x00000000e01006f0, 0x0000000100000000)
  region size 1024K, 133 young (136192K), 1 survivors (1024K)
 Metaspace       used 5849K, capacity 6042K, committed 6272K, reserved 1056768K
  class space    used 575K, capacity 632K, committed 640K, reserved 1048576K
}
Event: 5,486 GC heap after
{Heap after GC invocations=48 (full 0):
 garbage-first heap   total 227328K, used 3224K [0x00000000e0000000, 0x00000000e01006f0, 0x0000000100000000)
  region size 1024K, 1 young (1024K), 1 survivors (1024K)
 Metaspace       used 5849K, capacity 6042K, committed 6272K, reserved 1056768K
  class space    used 575K, capacity 632K, committed 640K, reserved 1048576K
}
Event: 5,611 GC heap before
{Heap before GC invocations=48 (full 0):
 garbage-first heap   total 227328K, used 138392K [0x00000000e0000000, 0x00000000e01006f0, 0x0000000100000000)
  region size 1024K, 133 young (136192K), 1 survivors (1024K)
 Metaspace       used 5849K, capacity 6042K, committed 6272K, reserved 1056768K
  class space    used 575K, capacity 632K, committed 640K, reserved 1048576K
}
Event: 5,618 GC heap after
{Heap after GC invocations=49 (full 0):
 garbage-first heap   total 227328K, used 3264K [0x00000000e0000000, 0x00000000e01006f0, 0x0000000100000000)
  region size 1024K, 1 young (1024K), 1 survivors (1024K)
 Metaspace       used 5849K, capacity 6042K, committed 6272K, reserved 1056768K
  class space    used 575K, capacity 632K, committed 640K, reserved 1048576K
}
Event: 5,716 GC heap before
{Heap before GC invocations=49 (full 0):
 garbage-first heap   total 227328K, used 138432K [0x00000000e0000000, 0x00000000e01006f0, 0x0000000100000000)
  region size 1024K, 133 young (136192K), 1 survivors (1024K)
 Metaspace       used 5849K, capacity 6042K, committed 6272K, reserved 1056768K
  class space    used 575K, capacity 632K, committed 640K, reserved 1048576K
}
Event: 5,721 GC heap after
{Heap after GC invocations=50 (full 0):
 garbage-first heap   total 227328K, used 3305K [0x00000000e0000000, 0x00000000e01006f0, 0x0000000100000000)
  region size 1024K, 1 young (1024K), 1 survivors (1024K)
 Metaspace       used 5849K, capacity 6042K, committed 6272K, reserved 1056768K
  class space    used 575K, capacity 632K, committed 640K, reserved 1048576K
}
Event: 5,802 GC heap before
{Heap before GC invocations=50 (full 0):
 garbage-first heap   total 227328K, used 138473K [0x00000000e0000000, 0x00000000e01006f0, 0x0000000100000000)
  region size 1024K, 133 young (136192K), 1 survivors (1024K)
 Metaspace       used 5849K, capacity 6042K, committed 6272K, reserved 1056768K
  class space    used 575K, capacity 632K, committed 640K, reserved 1048576K
}
Event: 5,810 GC heap after
{Heap after GC invocations=51 (full 0):
 garbage-first heap   total 227328K, used 3410K [0x00000000e0000000, 0x00000000e01006f0, 0x0000000100000000)
  region size 1024K, 1 young (1024K), 1 survivors (1024K)
 Metaspace       used 5849K, capacity 6042K, committed 6272K, reserved 1056768K
  class space    used 575K, capacity 632K, committed 640K, reserved 1048576K
}
Event: 5,891 GC heap before
{Heap before GC invocations=51 (full 0):
 garbage-first heap   total 227328K, used 138578K [0x00000000e0000000, 0x00000000e01006f0, 0x0000000100000000)
  region size 1024K, 133 young (136192K), 1 survivors (1024K)
 Metaspace       used 5849K, capacity 6042K, committed 6272K, reserved 1056768K
  class space    used 575K, capacity 632K, committed 640K, reserved 1048576K
}
Event: 5,897 GC heap after
{Heap after GC invocations=52 (full 0):
 garbage-first heap   total 227328K, used 3395K [0x00000000e0000000, 0x00000000e01006f0, 0x0000000100000000)
  region size 1024K, 1 young (1024K), 1 survivors (1024K)
 Metaspace       used 5849K, capacity 6042K, committed 6272K, reserved 1056768K
  class space    used 575K, capacity 632K, committed 640K, reserved 1048576K
}

